2017-12-15 11:27:18,374 - SimpleLog4JLogSystem initialized using logfile 'velocity.log'
2017-12-15 11:27:18,374 - ************************************************************** 
2017-12-15 11:27:18,374 - Starting Jakarta Velocity v1.4
2017-12-15 11:27:18,374 - RuntimeInstance initializing.
2017-12-15 11:27:18,374 - Default Properties File: org\apache\velocity\runtime\defaults\velocity.properties
2017-12-15 11:27:18,374 - Trying to use logger class org.apache.velocity.runtime.log.SimpleLog4JLogSystem
2017-12-15 11:27:18,374 - Using logger class org.apache.velocity.runtime.log.SimpleLog4JLogSystem
2017-12-15 11:27:18,380 - Default ResourceManager initializing. (class org.apache.velocity.runtime.resource.ResourceManagerImpl)
2017-12-15 11:27:18,388 - Resource Loader Instantiated: org.apache.velocity.runtime.resource.loader.ClasspathResourceLoader
2017-12-15 11:27:18,388 - ClasspathResourceLoader : initialization starting.
2017-12-15 11:27:18,388 - ClasspathResourceLoader : initialization complete.
2017-12-15 11:27:18,392 - ResourceCache : initialized. (class org.apache.velocity.runtime.resource.ResourceCacheImpl)
2017-12-15 11:27:18,392 - Default ResourceManager initialization complete.
2017-12-15 11:27:18,397 - Loaded System Directive: org.apache.velocity.runtime.directive.Literal
2017-12-15 11:27:18,400 - Loaded System Directive: org.apache.velocity.runtime.directive.Macro
2017-12-15 11:27:18,405 - Loaded System Directive: org.apache.velocity.runtime.directive.Parse
2017-12-15 11:27:18,408 - Loaded System Directive: org.apache.velocity.runtime.directive.Include
2017-12-15 11:27:18,410 - Loaded System Directive: org.apache.velocity.runtime.directive.Foreach
2017-12-15 11:27:18,447 - Created: 20 parsers.
2017-12-15 11:27:18,462 - Velocimacro : initialization starting.
2017-12-15 11:27:18,462 - Velocimacro : adding VMs from VM library template : VM_global_library.vm
2017-12-15 11:27:18,473 - ResourceManager : unable to find resource 'VM_global_library.vm' in any resource loader.
2017-12-15 11:27:18,473 - Velocimacro : error using  VM library template VM_global_library.vm : org.apache.velocity.exception.ResourceNotFoundException: Unable to find resource 'VM_global_library.vm'
2017-12-15 11:27:18,473 - Velocimacro :  VM library template macro registration complete.
2017-12-15 11:27:18,473 - Velocimacro : allowInline = true : VMs can be defined inline in templates
2017-12-15 11:27:18,473 - Velocimacro : allowInlineToOverride = false : VMs defined inline may NOT replace previous VM definitions
2017-12-15 11:27:18,473 - Velocimacro : allowInlineLocal = false : VMs defined inline will be  global in scope if allowed.
2017-12-15 11:27:18,473 - Velocimacro : messages on  : VM system will output logging messages
2017-12-15 11:27:18,473 - Velocimacro : autoload off  : VM system will not automatically reload global library macros
2017-12-15 11:27:18,473 - Velocimacro : initialization complete.
2017-12-15 11:27:18,474 - Velocity successfully started.
2017-12-15 11:31:00,757 - ResourceManager : found repast/simphony/scenario/Scenario.vt with loader org.apache.velocity.runtime.resource.loader.ClasspathResourceLoader
2017-12-15 11:32:54,883 - ResourceManager : found repast/simphony/scenario/Scenario.vt with loader org.apache.velocity.runtime.resource.loader.ClasspathResourceLoader
2017-12-15 11:35:41,815 - SimpleLog4JLogSystem initialized using logfile 'velocity.log'
2017-12-15 11:35:41,816 - ************************************************************** 
2017-12-15 11:35:41,816 - Starting Jakarta Velocity v1.4
2017-12-15 11:35:41,816 - RuntimeInstance initializing.
2017-12-15 11:35:41,816 - Default Properties File: org\apache\velocity\runtime\defaults\velocity.properties
2017-12-15 11:35:41,816 - Trying to use logger class org.apache.velocity.runtime.log.SimpleLog4JLogSystem
2017-12-15 11:35:41,816 - Using logger class org.apache.velocity.runtime.log.SimpleLog4JLogSystem
2017-12-15 11:35:41,822 - Default ResourceManager initializing. (class org.apache.velocity.runtime.resource.ResourceManagerImpl)
2017-12-15 11:35:41,828 - Resource Loader Instantiated: org.apache.velocity.runtime.resource.loader.ClasspathResourceLoader
2017-12-15 11:35:41,828 - ClasspathResourceLoader : initialization starting.
2017-12-15 11:35:41,828 - ClasspathResourceLoader : initialization complete.
2017-12-15 11:35:41,832 - ResourceCache : initialized. (class org.apache.velocity.runtime.resource.ResourceCacheImpl)
2017-12-15 11:35:41,832 - Default ResourceManager initialization complete.
2017-12-15 11:35:41,838 - Loaded System Directive: org.apache.velocity.runtime.directive.Literal
2017-12-15 11:35:41,842 - Loaded System Directive: org.apache.velocity.runtime.directive.Macro
2017-12-15 11:35:41,848 - Loaded System Directive: org.apache.velocity.runtime.directive.Parse
2017-12-15 11:35:41,852 - Loaded System Directive: org.apache.velocity.runtime.directive.Include
2017-12-15 11:35:41,854 - Loaded System Directive: org.apache.velocity.runtime.directive.Foreach
2017-12-15 11:35:41,896 - Created: 20 parsers.
2017-12-15 11:35:41,914 - Velocimacro : initialization starting.
2017-12-15 11:35:41,914 - Velocimacro : adding VMs from VM library template : VM_global_library.vm
2017-12-15 11:35:41,926 - ResourceManager : unable to find resource 'VM_global_library.vm' in any resource loader.
2017-12-15 11:35:41,926 - Velocimacro : error using  VM library template VM_global_library.vm : org.apache.velocity.exception.ResourceNotFoundException: Unable to find resource 'VM_global_library.vm'
2017-12-15 11:35:41,926 - Velocimacro :  VM library template macro registration complete.
2017-12-15 11:35:41,926 - Velocimacro : allowInline = true : VMs can be defined inline in templates
2017-12-15 11:35:41,926 - Velocimacro : allowInlineToOverride = false : VMs defined inline may NOT replace previous VM definitions
2017-12-15 11:35:41,926 - Velocimacro : allowInlineLocal = false : VMs defined inline will be  global in scope if allowed.
2017-12-15 11:35:41,926 - Velocimacro : messages on  : VM system will output logging messages
2017-12-15 11:35:41,926 - Velocimacro : autoload off  : VM system will not automatically reload global library macros
2017-12-15 11:35:41,926 - Velocimacro : initialization complete.
2017-12-15 11:35:41,926 - Velocity successfully started.
2017-12-15 11:42:25,837 - SimpleLog4JLogSystem initialized using logfile 'velocity.log'
2017-12-15 11:42:25,837 - ************************************************************** 
2017-12-15 11:42:25,837 - Starting Jakarta Velocity v1.4
2017-12-15 11:42:25,837 - RuntimeInstance initializing.
2017-12-15 11:42:25,837 - Default Properties File: org\apache\velocity\runtime\defaults\velocity.properties
2017-12-15 11:42:25,837 - Trying to use logger class org.apache.velocity.runtime.log.SimpleLog4JLogSystem
2017-12-15 11:42:25,837 - Using logger class org.apache.velocity.runtime.log.SimpleLog4JLogSystem
2017-12-15 11:42:25,843 - Default ResourceManager initializing. (class org.apache.velocity.runtime.resource.ResourceManagerImpl)
2017-12-15 11:42:25,849 - Resource Loader Instantiated: org.apache.velocity.runtime.resource.loader.ClasspathResourceLoader
2017-12-15 11:42:25,850 - ClasspathResourceLoader : initialization starting.
2017-12-15 11:42:25,850 - ClasspathResourceLoader : initialization complete.
2017-12-15 11:42:25,854 - ResourceCache : initialized. (class org.apache.velocity.runtime.resource.ResourceCacheImpl)
2017-12-15 11:42:25,854 - Default ResourceManager initialization complete.
2017-12-15 11:42:25,859 - Loaded System Directive: org.apache.velocity.runtime.directive.Literal
2017-12-15 11:42:25,864 - Loaded System Directive: org.apache.velocity.runtime.directive.Macro
2017-12-15 11:42:25,870 - Loaded System Directive: org.apache.velocity.runtime.directive.Parse
2017-12-15 11:42:25,874 - Loaded System Directive: org.apache.velocity.runtime.directive.Include
2017-12-15 11:42:25,876 - Loaded System Directive: org.apache.velocity.runtime.directive.Foreach
2017-12-15 11:42:25,919 - Created: 20 parsers.
2017-12-15 11:42:25,937 - Velocimacro : initialization starting.
2017-12-15 11:42:25,937 - Velocimacro : adding VMs from VM library template : VM_global_library.vm
2017-12-15 11:42:25,950 - ResourceManager : unable to find resource 'VM_global_library.vm' in any resource loader.
2017-12-15 11:42:25,950 - Velocimacro : error using  VM library template VM_global_library.vm : org.apache.velocity.exception.ResourceNotFoundException: Unable to find resource 'VM_global_library.vm'
2017-12-15 11:42:25,950 - Velocimacro :  VM library template macro registration complete.
2017-12-15 11:42:25,950 - Velocimacro : allowInline = true : VMs can be defined inline in templates
2017-12-15 11:42:25,950 - Velocimacro : allowInlineToOverride = false : VMs defined inline may NOT replace previous VM definitions
2017-12-15 11:42:25,950 - Velocimacro : allowInlineLocal = false : VMs defined inline will be  global in scope if allowed.
2017-12-15 11:42:25,950 - Velocimacro : messages on  : VM system will output logging messages
2017-12-15 11:42:25,950 - Velocimacro : autoload off  : VM system will not automatically reload global library macros
2017-12-15 11:42:25,950 - Velocimacro : initialization complete.
2017-12-15 11:42:25,950 - Velocity successfully started.
2017-12-15 11:43:45,519 - ResourceManager : found repast/simphony/scenario/Scenario.vt with loader org.apache.velocity.runtime.resource.loader.ClasspathResourceLoader
2017-12-15 11:46:28,632 - SimpleLog4JLogSystem initialized using logfile 'velocity.log'
2017-12-15 11:46:28,632 - ************************************************************** 
2017-12-15 11:46:28,632 - Starting Jakarta Velocity v1.4
2017-12-15 11:46:28,632 - RuntimeInstance initializing.
2017-12-15 11:46:28,632 - Default Properties File: org\apache\velocity\runtime\defaults\velocity.properties
2017-12-15 11:46:28,632 - Trying to use logger class org.apache.velocity.runtime.log.SimpleLog4JLogSystem
2017-12-15 11:46:28,633 - Using logger class org.apache.velocity.runtime.log.SimpleLog4JLogSystem
2017-12-15 11:46:28,639 - Default ResourceManager initializing. (class org.apache.velocity.runtime.resource.ResourceManagerImpl)
2017-12-15 11:46:28,645 - Resource Loader Instantiated: org.apache.velocity.runtime.resource.loader.ClasspathResourceLoader
2017-12-15 11:46:28,645 - ClasspathResourceLoader : initialization starting.
2017-12-15 11:46:28,645 - ClasspathResourceLoader : initialization complete.
2017-12-15 11:46:28,649 - ResourceCache : initialized. (class org.apache.velocity.runtime.resource.ResourceCacheImpl)
2017-12-15 11:46:28,649 - Default ResourceManager initialization complete.
2017-12-15 11:46:28,655 - Loaded System Directive: org.apache.velocity.runtime.directive.Literal
2017-12-15 11:46:28,660 - Loaded System Directive: org.apache.velocity.runtime.directive.Macro
2017-12-15 11:46:28,666 - Loaded System Directive: org.apache.velocity.runtime.directive.Parse
2017-12-15 11:46:28,670 - Loaded System Directive: org.apache.velocity.runtime.directive.Include
2017-12-15 11:46:28,672 - Loaded System Directive: org.apache.velocity.runtime.directive.Foreach
2017-12-15 11:46:28,714 - Created: 20 parsers.
2017-12-15 11:46:28,732 - Velocimacro : initialization starting.
2017-12-15 11:46:28,732 - Velocimacro : adding VMs from VM library template : VM_global_library.vm
2017-12-15 11:46:28,744 - ResourceManager : unable to find resource 'VM_global_library.vm' in any resource loader.
2017-12-15 11:46:28,744 - Velocimacro : error using  VM library template VM_global_library.vm : org.apache.velocity.exception.ResourceNotFoundException: Unable to find resource 'VM_global_library.vm'
2017-12-15 11:46:28,744 - Velocimacro :  VM library template macro registration complete.
2017-12-15 11:46:28,744 - Velocimacro : allowInline = true : VMs can be defined inline in templates
2017-12-15 11:46:28,744 - Velocimacro : allowInlineToOverride = false : VMs defined inline may NOT replace previous VM definitions
2017-12-15 11:46:28,744 - Velocimacro : allowInlineLocal = false : VMs defined inline will be  global in scope if allowed.
2017-12-15 11:46:28,744 - Velocimacro : messages on  : VM system will output logging messages
2017-12-15 11:46:28,744 - Velocimacro : autoload off  : VM system will not automatically reload global library macros
2017-12-15 11:46:28,744 - Velocimacro : initialization complete.
2017-12-15 11:46:28,744 - Velocity successfully started.
2017-12-15 12:56:44,299 - SimpleLog4JLogSystem initialized using logfile 'velocity.log'
2017-12-15 12:56:44,314 - ************************************************************** 
2017-12-15 12:56:44,314 - Starting Jakarta Velocity v1.4
2017-12-15 12:56:44,314 - RuntimeInstance initializing.
2017-12-15 12:56:44,314 - Default Properties File: org\apache\velocity\runtime\defaults\velocity.properties
2017-12-15 12:56:44,314 - Trying to use logger class org.apache.velocity.runtime.log.SimpleLog4JLogSystem
2017-12-15 12:56:44,314 - Using logger class org.apache.velocity.runtime.log.SimpleLog4JLogSystem
2017-12-15 12:56:44,319 - Default ResourceManager initializing. (class org.apache.velocity.runtime.resource.ResourceManagerImpl)
2017-12-15 12:56:44,324 - Resource Loader Instantiated: org.apache.velocity.runtime.resource.loader.ClasspathResourceLoader
2017-12-15 12:56:44,324 - ClasspathResourceLoader : initialization starting.
2017-12-15 12:56:44,324 - ClasspathResourceLoader : initialization complete.
2017-12-15 12:56:44,328 - ResourceCache : initialized. (class org.apache.velocity.runtime.resource.ResourceCacheImpl)
2017-12-15 12:56:44,328 - Default ResourceManager initialization complete.
2017-12-15 12:56:44,333 - Loaded System Directive: org.apache.velocity.runtime.directive.Literal
2017-12-15 12:56:44,336 - Loaded System Directive: org.apache.velocity.runtime.directive.Macro
2017-12-15 12:56:44,341 - Loaded System Directive: org.apache.velocity.runtime.directive.Parse
2017-12-15 12:56:44,345 - Loaded System Directive: org.apache.velocity.runtime.directive.Include
2017-12-15 12:56:44,347 - Loaded System Directive: org.apache.velocity.runtime.directive.Foreach
2017-12-15 12:56:44,383 - Created: 20 parsers.
2017-12-15 12:56:44,398 - Velocimacro : initialization starting.
2017-12-15 12:56:44,398 - Velocimacro : adding VMs from VM library template : VM_global_library.vm
2017-12-15 12:56:44,410 - ResourceManager : unable to find resource 'VM_global_library.vm' in any resource loader.
2017-12-15 12:56:44,410 - Velocimacro : error using  VM library template VM_global_library.vm : org.apache.velocity.exception.ResourceNotFoundException: Unable to find resource 'VM_global_library.vm'
2017-12-15 12:56:44,410 - Velocimacro :  VM library template macro registration complete.
2017-12-15 12:56:44,410 - Velocimacro : allowInline = true : VMs can be defined inline in templates
2017-12-15 12:56:44,410 - Velocimacro : allowInlineToOverride = false : VMs defined inline may NOT replace previous VM definitions
2017-12-15 12:56:44,410 - Velocimacro : allowInlineLocal = false : VMs defined inline will be  global in scope if allowed.
2017-12-15 12:56:44,410 - Velocimacro : messages on  : VM system will output logging messages
2017-12-15 12:56:44,410 - Velocimacro : autoload off  : VM system will not automatically reload global library macros
2017-12-15 12:56:44,410 - Velocimacro : initialization complete.
2017-12-15 12:56:44,410 - Velocity successfully started.
2017-12-15 12:58:34,247 - ResourceManager : found repast/simphony/scenario/Scenario.vt with loader org.apache.velocity.runtime.resource.loader.ClasspathResourceLoader
2017-12-15 16:53:14,472 - SimpleLog4JLogSystem initialized using logfile 'velocity.log'
2017-12-15 16:53:14,480 - ************************************************************** 
2017-12-15 16:53:14,480 - Starting Jakarta Velocity v1.4
2017-12-15 16:53:14,480 - RuntimeInstance initializing.
2017-12-15 16:53:14,480 - Default Properties File: org\apache\velocity\runtime\defaults\velocity.properties
2017-12-15 16:53:14,480 - Trying to use logger class org.apache.velocity.runtime.log.SimpleLog4JLogSystem
2017-12-15 16:53:14,480 - Using logger class org.apache.velocity.runtime.log.SimpleLog4JLogSystem
2017-12-15 16:53:14,486 - Default ResourceManager initializing. (class org.apache.velocity.runtime.resource.ResourceManagerImpl)
2017-12-15 16:53:14,497 - Resource Loader Instantiated: org.apache.velocity.runtime.resource.loader.ClasspathResourceLoader
2017-12-15 16:53:14,498 - ClasspathResourceLoader : initialization starting.
2017-12-15 16:53:14,498 - ClasspathResourceLoader : initialization complete.
2017-12-15 16:53:14,501 - ResourceCache : initialized. (class org.apache.velocity.runtime.resource.ResourceCacheImpl)
2017-12-15 16:53:14,501 - Default ResourceManager initialization complete.
2017-12-15 16:53:14,507 - Loaded System Directive: org.apache.velocity.runtime.directive.Literal
2017-12-15 16:53:14,510 - Loaded System Directive: org.apache.velocity.runtime.directive.Macro
2017-12-15 16:53:14,518 - Loaded System Directive: org.apache.velocity.runtime.directive.Parse
2017-12-15 16:53:14,522 - Loaded System Directive: org.apache.velocity.runtime.directive.Include
2017-12-15 16:53:14,524 - Loaded System Directive: org.apache.velocity.runtime.directive.Foreach
2017-12-15 16:53:14,565 - Created: 20 parsers.
2017-12-15 16:53:14,580 - Velocimacro : initialization starting.
2017-12-15 16:53:14,580 - Velocimacro : adding VMs from VM library template : VM_global_library.vm
2017-12-15 16:53:14,592 - ResourceManager : unable to find resource 'VM_global_library.vm' in any resource loader.
2017-12-15 16:53:14,592 - Velocimacro : error using  VM library template VM_global_library.vm : org.apache.velocity.exception.ResourceNotFoundException: Unable to find resource 'VM_global_library.vm'
2017-12-15 16:53:14,592 - Velocimacro :  VM library template macro registration complete.
2017-12-15 16:53:14,592 - Velocimacro : allowInline = true : VMs can be defined inline in templates
2017-12-15 16:53:14,592 - Velocimacro : allowInlineToOverride = false : VMs defined inline may NOT replace previous VM definitions
2017-12-15 16:53:14,592 - Velocimacro : allowInlineLocal = false : VMs defined inline will be  global in scope if allowed.
2017-12-15 16:53:14,592 - Velocimacro : messages on  : VM system will output logging messages
2017-12-15 16:53:14,592 - Velocimacro : autoload off  : VM system will not automatically reload global library macros
2017-12-15 16:53:14,592 - Velocimacro : initialization complete.
2017-12-15 16:53:14,592 - Velocity successfully started.
2017-12-15 17:15:04,878 - SimpleLog4JLogSystem initialized using logfile 'velocity.log'
2017-12-15 17:15:04,878 - ************************************************************** 
2017-12-15 17:15:04,878 - Starting Jakarta Velocity v1.4
2017-12-15 17:15:04,878 - RuntimeInstance initializing.
2017-12-15 17:15:04,878 - Default Properties File: org\apache\velocity\runtime\defaults\velocity.properties
2017-12-15 17:15:04,878 - Trying to use logger class org.apache.velocity.runtime.log.SimpleLog4JLogSystem
2017-12-15 17:15:04,878 - Using logger class org.apache.velocity.runtime.log.SimpleLog4JLogSystem
2017-12-15 17:15:04,884 - Default ResourceManager initializing. (class org.apache.velocity.runtime.resource.ResourceManagerImpl)
2017-12-15 17:15:04,892 - Resource Loader Instantiated: org.apache.velocity.runtime.resource.loader.ClasspathResourceLoader
2017-12-15 17:15:04,893 - ClasspathResourceLoader : initialization starting.
2017-12-15 17:15:04,893 - ClasspathResourceLoader : initialization complete.
2017-12-15 17:15:04,897 - ResourceCache : initialized. (class org.apache.velocity.runtime.resource.ResourceCacheImpl)
2017-12-15 17:15:04,897 - Default ResourceManager initialization complete.
2017-12-15 17:15:04,902 - Loaded System Directive: org.apache.velocity.runtime.directive.Literal
2017-12-15 17:15:04,908 - Loaded System Directive: org.apache.velocity.runtime.directive.Macro
2017-12-15 17:15:04,914 - Loaded System Directive: org.apache.velocity.runtime.directive.Parse
2017-12-15 17:15:04,918 - Loaded System Directive: org.apache.velocity.runtime.directive.Include
2017-12-15 17:15:04,920 - Loaded System Directive: org.apache.velocity.runtime.directive.Foreach
2017-12-15 17:15:04,959 - Created: 20 parsers.
2017-12-15 17:15:04,974 - Velocimacro : initialization starting.
2017-12-15 17:15:04,974 - Velocimacro : adding VMs from VM library template : VM_global_library.vm
2017-12-15 17:15:04,986 - ResourceManager : unable to find resource 'VM_global_library.vm' in any resource loader.
2017-12-15 17:15:04,986 - Velocimacro : error using  VM library template VM_global_library.vm : org.apache.velocity.exception.ResourceNotFoundException: Unable to find resource 'VM_global_library.vm'
2017-12-15 17:15:04,986 - Velocimacro :  VM library template macro registration complete.
2017-12-15 17:15:04,986 - Velocimacro : allowInline = true : VMs can be defined inline in templates
2017-12-15 17:15:04,986 - Velocimacro : allowInlineToOverride = false : VMs defined inline may NOT replace previous VM definitions
2017-12-15 17:15:04,986 - Velocimacro : allowInlineLocal = false : VMs defined inline will be  global in scope if allowed.
2017-12-15 17:15:04,986 - Velocimacro : messages on  : VM system will output logging messages
2017-12-15 17:15:04,986 - Velocimacro : autoload off  : VM system will not automatically reload global library macros
2017-12-15 17:15:04,986 - Velocimacro : initialization complete.
2017-12-15 17:15:04,986 - Velocity successfully started.
2017-12-15 17:18:59,295 - SimpleLog4JLogSystem initialized using logfile 'velocity.log'
2017-12-15 17:18:59,306 - ************************************************************** 
2017-12-15 17:18:59,306 - Starting Jakarta Velocity v1.4
2017-12-15 17:18:59,306 - RuntimeInstance initializing.
2017-12-15 17:18:59,306 - Default Properties File: org\apache\velocity\runtime\defaults\velocity.properties
2017-12-15 17:18:59,306 - Trying to use logger class org.apache.velocity.runtime.log.SimpleLog4JLogSystem
2017-12-15 17:18:59,306 - Using logger class org.apache.velocity.runtime.log.SimpleLog4JLogSystem
2017-12-15 17:18:59,313 - Default ResourceManager initializing. (class org.apache.velocity.runtime.resource.ResourceManagerImpl)
2017-12-15 17:18:59,319 - Resource Loader Instantiated: org.apache.velocity.runtime.resource.loader.ClasspathResourceLoader
2017-12-15 17:18:59,319 - ClasspathResourceLoader : initialization starting.
2017-12-15 17:18:59,319 - ClasspathResourceLoader : initialization complete.
2017-12-15 17:18:59,323 - ResourceCache : initialized. (class org.apache.velocity.runtime.resource.ResourceCacheImpl)
2017-12-15 17:18:59,323 - Default ResourceManager initialization complete.
2017-12-15 17:18:59,329 - Loaded System Directive: org.apache.velocity.runtime.directive.Literal
2017-12-15 17:18:59,333 - Loaded System Directive: org.apache.velocity.runtime.directive.Macro
2017-12-15 17:18:59,340 - Loaded System Directive: org.apache.velocity.runtime.directive.Parse
2017-12-15 17:18:59,345 - Loaded System Directive: org.apache.velocity.runtime.directive.Include
2017-12-15 17:18:59,347 - Loaded System Directive: org.apache.velocity.runtime.directive.Foreach
2017-12-15 17:18:59,389 - Created: 20 parsers.
2017-12-15 17:18:59,405 - Velocimacro : initialization starting.
2017-12-15 17:18:59,406 - Velocimacro : adding VMs from VM library template : VM_global_library.vm
2017-12-15 17:18:59,419 - ResourceManager : unable to find resource 'VM_global_library.vm' in any resource loader.
2017-12-15 17:18:59,419 - Velocimacro : error using  VM library template VM_global_library.vm : org.apache.velocity.exception.ResourceNotFoundException: Unable to find resource 'VM_global_library.vm'
2017-12-15 17:18:59,419 - Velocimacro :  VM library template macro registration complete.
2017-12-15 17:18:59,419 - Velocimacro : allowInline = true : VMs can be defined inline in templates
2017-12-15 17:18:59,419 - Velocimacro : allowInlineToOverride = false : VMs defined inline may NOT replace previous VM definitions
2017-12-15 17:18:59,419 - Velocimacro : allowInlineLocal = false : VMs defined inline will be  global in scope if allowed.
2017-12-15 17:18:59,419 - Velocimacro : messages on  : VM system will output logging messages
2017-12-15 17:18:59,419 - Velocimacro : autoload off  : VM system will not automatically reload global library macros
2017-12-15 17:18:59,419 - Velocimacro : initialization complete.
2017-12-15 17:18:59,419 - Velocity successfully started.
2017-12-15 18:59:57,595 - SimpleLog4JLogSystem initialized using logfile 'velocity.log'
2017-12-15 18:59:57,610 - ************************************************************** 
2017-12-15 18:59:57,610 - Starting Jakarta Velocity v1.4
2017-12-15 18:59:57,610 - RuntimeInstance initializing.
2017-12-15 18:59:57,610 - Default Properties File: org\apache\velocity\runtime\defaults\velocity.properties
2017-12-15 18:59:57,610 - Trying to use logger class org.apache.velocity.runtime.log.SimpleLog4JLogSystem
2017-12-15 18:59:57,610 - Using logger class org.apache.velocity.runtime.log.SimpleLog4JLogSystem
2017-12-15 18:59:57,616 - Default ResourceManager initializing. (class org.apache.velocity.runtime.resource.ResourceManagerImpl)
2017-12-15 18:59:57,621 - Resource Loader Instantiated: org.apache.velocity.runtime.resource.loader.ClasspathResourceLoader
2017-12-15 18:59:57,621 - ClasspathResourceLoader : initialization starting.
2017-12-15 18:59:57,622 - ClasspathResourceLoader : initialization complete.
2017-12-15 18:59:57,625 - ResourceCache : initialized. (class org.apache.velocity.runtime.resource.ResourceCacheImpl)
2017-12-15 18:59:57,625 - Default ResourceManager initialization complete.
2017-12-15 18:59:57,631 - Loaded System Directive: org.apache.velocity.runtime.directive.Literal
2017-12-15 18:59:57,634 - Loaded System Directive: org.apache.velocity.runtime.directive.Macro
2017-12-15 18:59:57,639 - Loaded System Directive: org.apache.velocity.runtime.directive.Parse
2017-12-15 18:59:57,643 - Loaded System Directive: org.apache.velocity.runtime.directive.Include
2017-12-15 18:59:57,645 - Loaded System Directive: org.apache.velocity.runtime.directive.Foreach
2017-12-15 18:59:57,683 - Created: 20 parsers.
2017-12-15 18:59:57,699 - Velocimacro : initialization starting.
2017-12-15 18:59:57,699 - Velocimacro : adding VMs from VM library template : VM_global_library.vm
2017-12-15 18:59:57,710 - ResourceManager : unable to find resource 'VM_global_library.vm' in any resource loader.
2017-12-15 18:59:57,710 - Velocimacro : error using  VM library template VM_global_library.vm : org.apache.velocity.exception.ResourceNotFoundException: Unable to find resource 'VM_global_library.vm'
2017-12-15 18:59:57,710 - Velocimacro :  VM library template macro registration complete.
2017-12-15 18:59:57,710 - Velocimacro : allowInline = true : VMs can be defined inline in templates
2017-12-15 18:59:57,710 - Velocimacro : allowInlineToOverride = false : VMs defined inline may NOT replace previous VM definitions
2017-12-15 18:59:57,710 - Velocimacro : allowInlineLocal = false : VMs defined inline will be  global in scope if allowed.
2017-12-15 18:59:57,710 - Velocimacro : messages on  : VM system will output logging messages
2017-12-15 18:59:57,710 - Velocimacro : autoload off  : VM system will not automatically reload global library macros
2017-12-15 18:59:57,710 - Velocimacro : initialization complete.
2017-12-15 18:59:57,710 - Velocity successfully started.
2017-12-15 19:15:02,492 - SimpleLog4JLogSystem initialized using logfile 'velocity.log'
2017-12-15 19:15:02,492 - ************************************************************** 
2017-12-15 19:15:02,492 - Starting Jakarta Velocity v1.4
2017-12-15 19:15:02,492 - RuntimeInstance initializing.
2017-12-15 19:15:02,492 - Default Properties File: org\apache\velocity\runtime\defaults\velocity.properties
2017-12-15 19:15:02,492 - Trying to use logger class org.apache.velocity.runtime.log.SimpleLog4JLogSystem
2017-12-15 19:15:02,492 - Using logger class org.apache.velocity.runtime.log.SimpleLog4JLogSystem
2017-12-15 19:15:02,499 - Default ResourceManager initializing. (class org.apache.velocity.runtime.resource.ResourceManagerImpl)
2017-12-15 19:15:02,505 - Resource Loader Instantiated: org.apache.velocity.runtime.resource.loader.ClasspathResourceLoader
2017-12-15 19:15:02,505 - ClasspathResourceLoader : initialization starting.
2017-12-15 19:15:02,505 - ClasspathResourceLoader : initialization complete.
2017-12-15 19:15:02,509 - ResourceCache : initialized. (class org.apache.velocity.runtime.resource.ResourceCacheImpl)
2017-12-15 19:15:02,509 - Default ResourceManager initialization complete.
2017-12-15 19:15:02,515 - Loaded System Directive: org.apache.velocity.runtime.directive.Literal
2017-12-15 19:15:02,519 - Loaded System Directive: org.apache.velocity.runtime.directive.Macro
2017-12-15 19:15:02,526 - Loaded System Directive: org.apache.velocity.runtime.directive.Parse
2017-12-15 19:15:02,530 - Loaded System Directive: org.apache.velocity.runtime.directive.Include
2017-12-15 19:15:02,532 - Loaded System Directive: org.apache.velocity.runtime.directive.Foreach
2017-12-15 19:15:02,577 - Created: 20 parsers.
2017-12-15 19:15:02,597 - Velocimacro : initialization starting.
2017-12-15 19:15:02,597 - Velocimacro : adding VMs from VM library template : VM_global_library.vm
2017-12-15 19:15:02,612 - ResourceManager : unable to find resource 'VM_global_library.vm' in any resource loader.
2017-12-15 19:15:02,612 - Velocimacro : error using  VM library template VM_global_library.vm : org.apache.velocity.exception.ResourceNotFoundException: Unable to find resource 'VM_global_library.vm'
2017-12-15 19:15:02,612 - Velocimacro :  VM library template macro registration complete.
2017-12-15 19:15:02,613 - Velocimacro : allowInline = true : VMs can be defined inline in templates
2017-12-15 19:15:02,613 - Velocimacro : allowInlineToOverride = false : VMs defined inline may NOT replace previous VM definitions
2017-12-15 19:15:02,613 - Velocimacro : allowInlineLocal = false : VMs defined inline will be  global in scope if allowed.
2017-12-15 19:15:02,613 - Velocimacro : messages on  : VM system will output logging messages
2017-12-15 19:15:02,613 - Velocimacro : autoload off  : VM system will not automatically reload global library macros
2017-12-15 19:15:02,613 - Velocimacro : initialization complete.
2017-12-15 19:15:02,613 - Velocity successfully started.
2017-12-15 19:21:40,260 - SimpleLog4JLogSystem initialized using logfile 'velocity.log'
2017-12-15 19:21:40,260 - ************************************************************** 
2017-12-15 19:21:40,261 - Starting Jakarta Velocity v1.4
2017-12-15 19:21:40,261 - RuntimeInstance initializing.
2017-12-15 19:21:40,261 - Default Properties File: org\apache\velocity\runtime\defaults\velocity.properties
2017-12-15 19:21:40,261 - Trying to use logger class org.apache.velocity.runtime.log.SimpleLog4JLogSystem
2017-12-15 19:21:40,261 - Using logger class org.apache.velocity.runtime.log.SimpleLog4JLogSystem
2017-12-15 19:21:40,266 - Default ResourceManager initializing. (class org.apache.velocity.runtime.resource.ResourceManagerImpl)
2017-12-15 19:21:40,273 - Resource Loader Instantiated: org.apache.velocity.runtime.resource.loader.ClasspathResourceLoader
2017-12-15 19:21:40,273 - ClasspathResourceLoader : initialization starting.
2017-12-15 19:21:40,273 - ClasspathResourceLoader : initialization complete.
2017-12-15 19:21:40,276 - ResourceCache : initialized. (class org.apache.velocity.runtime.resource.ResourceCacheImpl)
2017-12-15 19:21:40,276 - Default ResourceManager initialization complete.
2017-12-15 19:21:40,283 - Loaded System Directive: org.apache.velocity.runtime.directive.Literal
2017-12-15 19:21:40,288 - Loaded System Directive: org.apache.velocity.runtime.directive.Macro
2017-12-15 19:21:40,297 - Loaded System Directive: org.apache.velocity.runtime.directive.Parse
2017-12-15 19:21:40,302 - Loaded System Directive: org.apache.velocity.runtime.directive.Include
2017-12-15 19:21:40,304 - Loaded System Directive: org.apache.velocity.runtime.directive.Foreach
2017-12-15 19:21:40,345 - Created: 20 parsers.
2017-12-15 19:21:40,360 - Velocimacro : initialization starting.
2017-12-15 19:21:40,361 - Velocimacro : adding VMs from VM library template : VM_global_library.vm
2017-12-15 19:21:40,372 - ResourceManager : unable to find resource 'VM_global_library.vm' in any resource loader.
2017-12-15 19:21:40,372 - Velocimacro : error using  VM library template VM_global_library.vm : org.apache.velocity.exception.ResourceNotFoundException: Unable to find resource 'VM_global_library.vm'
2017-12-15 19:21:40,372 - Velocimacro :  VM library template macro registration complete.
2017-12-15 19:21:40,372 - Velocimacro : allowInline = true : VMs can be defined inline in templates
2017-12-15 19:21:40,372 - Velocimacro : allowInlineToOverride = false : VMs defined inline may NOT replace previous VM definitions
2017-12-15 19:21:40,372 - Velocimacro : allowInlineLocal = false : VMs defined inline will be  global in scope if allowed.
2017-12-15 19:21:40,372 - Velocimacro : messages on  : VM system will output logging messages
2017-12-15 19:21:40,372 - Velocimacro : autoload off  : VM system will not automatically reload global library macros
2017-12-15 19:21:40,373 - Velocimacro : initialization complete.
2017-12-15 19:21:40,373 - Velocity successfully started.
2017-12-15 19:40:47,918 - SimpleLog4JLogSystem initialized using logfile 'velocity.log'
2017-12-15 19:40:47,918 - ************************************************************** 
2017-12-15 19:40:47,918 - Starting Jakarta Velocity v1.4
2017-12-15 19:40:47,918 - RuntimeInstance initializing.
2017-12-15 19:40:47,919 - Default Properties File: org\apache\velocity\runtime\defaults\velocity.properties
2017-12-15 19:40:47,919 - Trying to use logger class org.apache.velocity.runtime.log.SimpleLog4JLogSystem
2017-12-15 19:40:47,919 - Using logger class org.apache.velocity.runtime.log.SimpleLog4JLogSystem
2017-12-15 19:40:47,924 - Default ResourceManager initializing. (class org.apache.velocity.runtime.resource.ResourceManagerImpl)
2017-12-15 19:40:47,929 - Resource Loader Instantiated: org.apache.velocity.runtime.resource.loader.ClasspathResourceLoader
2017-12-15 19:40:47,930 - ClasspathResourceLoader : initialization starting.
2017-12-15 19:40:47,930 - ClasspathResourceLoader : initialization complete.
2017-12-15 19:40:47,933 - ResourceCache : initialized. (class org.apache.velocity.runtime.resource.ResourceCacheImpl)
2017-12-15 19:40:47,933 - Default ResourceManager initialization complete.
2017-12-15 19:40:47,939 - Loaded System Directive: org.apache.velocity.runtime.directive.Literal
2017-12-15 19:40:47,943 - Loaded System Directive: org.apache.velocity.runtime.directive.Macro
2017-12-15 19:40:47,948 - Loaded System Directive: org.apache.velocity.runtime.directive.Parse
2017-12-15 19:40:47,953 - Loaded System Directive: org.apache.velocity.runtime.directive.Include
2017-12-15 19:40:47,954 - Loaded System Directive: org.apache.velocity.runtime.directive.Foreach
2017-12-15 19:40:47,992 - Created: 20 parsers.
2017-12-15 19:40:48,010 - Velocimacro : initialization starting.
2017-12-15 19:40:48,010 - Velocimacro : adding VMs from VM library template : VM_global_library.vm
2017-12-15 19:40:48,023 - ResourceManager : unable to find resource 'VM_global_library.vm' in any resource loader.
2017-12-15 19:40:48,024 - Velocimacro : error using  VM library template VM_global_library.vm : org.apache.velocity.exception.ResourceNotFoundException: Unable to find resource 'VM_global_library.vm'
2017-12-15 19:40:48,024 - Velocimacro :  VM library template macro registration complete.
2017-12-15 19:40:48,024 - Velocimacro : allowInline = true : VMs can be defined inline in templates
2017-12-15 19:40:48,024 - Velocimacro : allowInlineToOverride = false : VMs defined inline may NOT replace previous VM definitions
2017-12-15 19:40:48,024 - Velocimacro : allowInlineLocal = false : VMs defined inline will be  global in scope if allowed.
2017-12-15 19:40:48,024 - Velocimacro : messages on  : VM system will output logging messages
2017-12-15 19:40:48,024 - Velocimacro : autoload off  : VM system will not automatically reload global library macros
2017-12-15 19:40:48,024 - Velocimacro : initialization complete.
2017-12-15 19:40:48,024 - Velocity successfully started.
2017-12-19 14:30:16,219 - SimpleLog4JLogSystem initialized using logfile 'velocity.log'
2017-12-19 14:30:16,228 - ************************************************************** 
2017-12-19 14:30:16,228 - Starting Jakarta Velocity v1.4
2017-12-19 14:30:16,228 - RuntimeInstance initializing.
2017-12-19 14:30:16,228 - Default Properties File: org\apache\velocity\runtime\defaults\velocity.properties
2017-12-19 14:30:16,228 - Trying to use logger class org.apache.velocity.runtime.log.SimpleLog4JLogSystem
2017-12-19 14:30:16,228 - Using logger class org.apache.velocity.runtime.log.SimpleLog4JLogSystem
2017-12-19 14:30:16,235 - Default ResourceManager initializing. (class org.apache.velocity.runtime.resource.ResourceManagerImpl)
2017-12-19 14:30:16,242 - Resource Loader Instantiated: org.apache.velocity.runtime.resource.loader.ClasspathResourceLoader
2017-12-19 14:30:16,242 - ClasspathResourceLoader : initialization starting.
2017-12-19 14:30:16,242 - ClasspathResourceLoader : initialization complete.
2017-12-19 14:30:16,246 - ResourceCache : initialized. (class org.apache.velocity.runtime.resource.ResourceCacheImpl)
2017-12-19 14:30:16,246 - Default ResourceManager initialization complete.
2017-12-19 14:30:16,280 - Loaded System Directive: org.apache.velocity.runtime.directive.Literal
2017-12-19 14:30:16,285 - Loaded System Directive: org.apache.velocity.runtime.directive.Macro
2017-12-19 14:30:16,290 - Loaded System Directive: org.apache.velocity.runtime.directive.Parse
2017-12-19 14:30:16,294 - Loaded System Directive: org.apache.velocity.runtime.directive.Include
2017-12-19 14:30:16,297 - Loaded System Directive: org.apache.velocity.runtime.directive.Foreach
2017-12-19 14:30:16,329 - SimpleLog4JLogSystem initialized using logfile 'velocity.log'
2017-12-19 14:30:16,330 - ************************************************************** 
2017-12-19 14:30:16,330 - Starting Jakarta Velocity v1.4
2017-12-19 14:30:16,330 - RuntimeInstance initializing.
2017-12-19 14:30:16,330 - Default Properties File: org\apache\velocity\runtime\defaults\velocity.properties
2017-12-19 14:30:16,330 - Trying to use logger class org.apache.velocity.runtime.log.SimpleLog4JLogSystem
2017-12-19 14:30:16,330 - Using logger class org.apache.velocity.runtime.log.SimpleLog4JLogSystem
2017-12-19 14:30:16,340 - Created: 20 parsers.
2017-12-19 14:30:16,344 - Default ResourceManager initializing. (class org.apache.velocity.runtime.resource.ResourceManagerImpl)
2017-12-19 14:30:16,349 - Resource Loader Instantiated: org.apache.velocity.runtime.resource.loader.ClasspathResourceLoader
2017-12-19 14:30:16,350 - ClasspathResourceLoader : initialization starting.
2017-12-19 14:30:16,350 - ClasspathResourceLoader : initialization complete.
2017-12-19 14:30:16,353 - ResourceCache : initialized. (class org.apache.velocity.runtime.resource.ResourceCacheImpl)
2017-12-19 14:30:16,353 - Default ResourceManager initialization complete.
2017-12-19 14:30:16,356 - Velocimacro : initialization starting.
2017-12-19 14:30:16,356 - Velocimacro : adding VMs from VM library template : VM_global_library.vm
2017-12-19 14:30:16,359 - Loaded System Directive: org.apache.velocity.runtime.directive.Literal
2017-12-19 14:30:16,364 - Loaded System Directive: org.apache.velocity.runtime.directive.Macro
2017-12-19 14:30:16,369 - Loaded System Directive: org.apache.velocity.runtime.directive.Parse
2017-12-19 14:30:16,384 - Loaded System Directive: org.apache.velocity.runtime.directive.Include
2017-12-19 14:30:16,394 - Loaded System Directive: org.apache.velocity.runtime.directive.Foreach
2017-12-19 14:30:16,424 - ResourceManager : unable to find resource 'VM_global_library.vm' in any resource loader.
2017-12-19 14:30:16,425 - Velocimacro : error using  VM library template VM_global_library.vm : org.apache.velocity.exception.ResourceNotFoundException: Unable to find resource 'VM_global_library.vm'
2017-12-19 14:30:16,425 - Velocimacro :  VM library template macro registration complete.
2017-12-19 14:30:16,425 - Velocimacro : allowInline = true : VMs can be defined inline in templates
2017-12-19 14:30:16,425 - Velocimacro : allowInlineToOverride = false : VMs defined inline may NOT replace previous VM definitions
2017-12-19 14:30:16,425 - Velocimacro : allowInlineLocal = false : VMs defined inline will be  global in scope if allowed.
2017-12-19 14:30:16,425 - Velocimacro : messages on  : VM system will output logging messages
2017-12-19 14:30:16,425 - Velocimacro : autoload off  : VM system will not automatically reload global library macros
2017-12-19 14:30:16,425 - Velocimacro : initialization complete.
2017-12-19 14:30:16,425 - Velocity successfully started.
2017-12-19 14:30:16,432 - Created: 20 parsers.
2017-12-19 14:30:16,446 - Velocimacro : initialization starting.
2017-12-19 14:30:16,446 - Velocimacro : adding VMs from VM library template : VM_global_library.vm
2017-12-19 14:30:16,466 - ResourceManager : unable to find resource 'VM_global_library.vm' in any resource loader.
2017-12-19 14:30:16,466 - Velocimacro : error using  VM library template VM_global_library.vm : org.apache.velocity.exception.ResourceNotFoundException: Unable to find resource 'VM_global_library.vm'
2017-12-19 14:30:16,466 - Velocimacro :  VM library template macro registration complete.
2017-12-19 14:30:16,466 - Velocimacro : allowInline = true : VMs can be defined inline in templates
2017-12-19 14:30:16,466 - Velocimacro : allowInlineToOverride = false : VMs defined inline may NOT replace previous VM definitions
2017-12-19 14:30:16,466 - Velocimacro : allowInlineLocal = false : VMs defined inline will be  global in scope if allowed.
2017-12-19 14:30:16,466 - Velocimacro : messages on  : VM system will output logging messages
2017-12-19 14:30:16,466 - Velocimacro : autoload off  : VM system will not automatically reload global library macros
2017-12-19 14:30:16,466 - Velocimacro : initialization complete.
2017-12-19 14:30:16,466 - Velocity successfully started.
2018-01-05 08:44:56,932 - SimpleLog4JLogSystem initialized using logfile 'velocity.log'
2018-01-05 08:44:59,891 - ************************************************************** 
2018-01-05 08:44:59,891 - Starting Jakarta Velocity v1.4
2018-01-05 08:44:59,891 - RuntimeInstance initializing.
2018-01-05 08:44:59,891 - Default Properties File: org\apache\velocity\runtime\defaults\velocity.properties
2018-01-05 08:44:59,891 - Trying to use logger class org.apache.velocity.runtime.log.SimpleLog4JLogSystem
2018-01-05 08:44:59,891 - Using logger class org.apache.velocity.runtime.log.SimpleLog4JLogSystem
2018-01-05 08:44:59,972 - Default ResourceManager initializing. (class org.apache.velocity.runtime.resource.ResourceManagerImpl)
2018-01-05 08:45:00,051 - Resource Loader Instantiated: org.apache.velocity.runtime.resource.loader.ClasspathResourceLoader
2018-01-05 08:45:00,051 - ClasspathResourceLoader : initialization starting.
2018-01-05 08:45:00,051 - ClasspathResourceLoader : initialization complete.
2018-01-05 08:45:00,054 - ResourceCache : initialized. (class org.apache.velocity.runtime.resource.ResourceCacheImpl)
2018-01-05 08:45:00,054 - Default ResourceManager initialization complete.
2018-01-05 08:45:00,084 - Loaded System Directive: org.apache.velocity.runtime.directive.Literal
2018-01-05 08:45:00,143 - Loaded System Directive: org.apache.velocity.runtime.directive.Macro
2018-01-05 08:45:00,147 - Loaded System Directive: org.apache.velocity.runtime.directive.Parse
2018-01-05 08:45:00,162 - Loaded System Directive: org.apache.velocity.runtime.directive.Include
2018-01-05 08:45:00,164 - Loaded System Directive: org.apache.velocity.runtime.directive.Foreach
2018-01-05 08:45:00,487 - Created: 20 parsers.
2018-01-05 08:45:00,688 - Velocimacro : initialization starting.
2018-01-05 08:45:00,688 - Velocimacro : adding VMs from VM library template : VM_global_library.vm
2018-01-05 08:45:00,739 - ResourceManager : unable to find resource 'VM_global_library.vm' in any resource loader.
2018-01-05 08:45:00,739 - Velocimacro : error using  VM library template VM_global_library.vm : org.apache.velocity.exception.ResourceNotFoundException: Unable to find resource 'VM_global_library.vm'
2018-01-05 08:45:00,739 - Velocimacro :  VM library template macro registration complete.
2018-01-05 08:45:00,739 - Velocimacro : allowInline = true : VMs can be defined inline in templates
2018-01-05 08:45:00,739 - Velocimacro : allowInlineToOverride = false : VMs defined inline may NOT replace previous VM definitions
2018-01-05 08:45:00,739 - Velocimacro : allowInlineLocal = false : VMs defined inline will be  global in scope if allowed.
2018-01-05 08:45:00,739 - Velocimacro : messages on  : VM system will output logging messages
2018-01-05 08:45:00,739 - Velocimacro : autoload off  : VM system will not automatically reload global library macros
2018-01-05 08:45:00,739 - Velocimacro : initialization complete.
2018-01-05 08:45:00,739 - Velocity successfully started.
2018-01-06 14:31:30,532 - SimpleLog4JLogSystem initialized using logfile 'velocity.log'
2018-01-06 14:31:30,545 - ************************************************************** 
2018-01-06 14:31:30,545 - Starting Jakarta Velocity v1.4
2018-01-06 14:31:30,545 - RuntimeInstance initializing.
2018-01-06 14:31:30,545 - Default Properties File: org\apache\velocity\runtime\defaults\velocity.properties
2018-01-06 14:31:30,545 - Trying to use logger class org.apache.velocity.runtime.log.SimpleLog4JLogSystem
2018-01-06 14:31:30,545 - Using logger class org.apache.velocity.runtime.log.SimpleLog4JLogSystem
2018-01-06 14:31:30,550 - Default ResourceManager initializing. (class org.apache.velocity.runtime.resource.ResourceManagerImpl)
2018-01-06 14:31:30,556 - Resource Loader Instantiated: org.apache.velocity.runtime.resource.loader.ClasspathResourceLoader
2018-01-06 14:31:30,556 - ClasspathResourceLoader : initialization starting.
2018-01-06 14:31:30,556 - ClasspathResourceLoader : initialization complete.
2018-01-06 14:31:30,560 - ResourceCache : initialized. (class org.apache.velocity.runtime.resource.ResourceCacheImpl)
2018-01-06 14:31:30,560 - Default ResourceManager initialization complete.
2018-01-06 14:31:30,565 - Loaded System Directive: org.apache.velocity.runtime.directive.Literal
2018-01-06 14:31:30,569 - Loaded System Directive: org.apache.velocity.runtime.directive.Macro
2018-01-06 14:31:30,574 - Loaded System Directive: org.apache.velocity.runtime.directive.Parse
2018-01-06 14:31:30,578 - Loaded System Directive: org.apache.velocity.runtime.directive.Include
2018-01-06 14:31:30,579 - Loaded System Directive: org.apache.velocity.runtime.directive.Foreach
2018-01-06 14:31:30,616 - Created: 20 parsers.
2018-01-06 14:31:30,631 - Velocimacro : initialization starting.
2018-01-06 14:31:30,632 - Velocimacro : adding VMs from VM library template : VM_global_library.vm
2018-01-06 14:31:30,642 - ResourceManager : unable to find resource 'VM_global_library.vm' in any resource loader.
2018-01-06 14:31:30,642 - Velocimacro : error using  VM library template VM_global_library.vm : org.apache.velocity.exception.ResourceNotFoundException: Unable to find resource 'VM_global_library.vm'
2018-01-06 14:31:30,642 - Velocimacro :  VM library template macro registration complete.
2018-01-06 14:31:30,643 - Velocimacro : allowInline = true : VMs can be defined inline in templates
2018-01-06 14:31:30,643 - Velocimacro : allowInlineToOverride = false : VMs defined inline may NOT replace previous VM definitions
2018-01-06 14:31:30,643 - Velocimacro : allowInlineLocal = false : VMs defined inline will be  global in scope if allowed.
2018-01-06 14:31:30,643 - Velocimacro : messages on  : VM system will output logging messages
2018-01-06 14:31:30,643 - Velocimacro : autoload off  : VM system will not automatically reload global library macros
2018-01-06 14:31:30,643 - Velocimacro : initialization complete.
2018-01-06 14:31:30,643 - Velocity successfully started.
2018-01-06 15:53:04,612 - SimpleLog4JLogSystem initialized using logfile 'velocity.log'
2018-01-06 15:53:04,683 - ************************************************************** 
2018-01-06 15:53:04,684 - Starting Jakarta Velocity v1.4
2018-01-06 15:53:04,684 - RuntimeInstance initializing.
2018-01-06 15:53:04,684 - Default Properties File: org\apache\velocity\runtime\defaults\velocity.properties
2018-01-06 15:53:04,684 - Trying to use logger class org.apache.velocity.runtime.log.SimpleLog4JLogSystem
2018-01-06 15:53:04,684 - Using logger class org.apache.velocity.runtime.log.SimpleLog4JLogSystem
2018-01-06 15:53:04,690 - Default ResourceManager initializing. (class org.apache.velocity.runtime.resource.ResourceManagerImpl)
2018-01-06 15:53:04,695 - Resource Loader Instantiated: org.apache.velocity.runtime.resource.loader.ClasspathResourceLoader
2018-01-06 15:53:04,695 - ClasspathResourceLoader : initialization starting.
2018-01-06 15:53:04,695 - ClasspathResourceLoader : initialization complete.
2018-01-06 15:53:04,699 - ResourceCache : initialized. (class org.apache.velocity.runtime.resource.ResourceCacheImpl)
2018-01-06 15:53:04,699 - Default ResourceManager initialization complete.
2018-01-06 15:53:04,704 - Loaded System Directive: org.apache.velocity.runtime.directive.Literal
2018-01-06 15:53:04,707 - Loaded System Directive: org.apache.velocity.runtime.directive.Macro
2018-01-06 15:53:04,712 - Loaded System Directive: org.apache.velocity.runtime.directive.Parse
2018-01-06 15:53:04,716 - Loaded System Directive: org.apache.velocity.runtime.directive.Include
2018-01-06 15:53:04,718 - Loaded System Directive: org.apache.velocity.runtime.directive.Foreach
2018-01-06 15:53:04,758 - Created: 20 parsers.
2018-01-06 15:53:04,833 - Velocimacro : initialization starting.
2018-01-06 15:53:04,833 - Velocimacro : adding VMs from VM library template : VM_global_library.vm
2018-01-06 15:53:04,918 - ResourceManager : unable to find resource 'VM_global_library.vm' in any resource loader.
2018-01-06 15:53:04,918 - Velocimacro : error using  VM library template VM_global_library.vm : org.apache.velocity.exception.ResourceNotFoundException: Unable to find resource 'VM_global_library.vm'
2018-01-06 15:53:04,918 - Velocimacro :  VM library template macro registration complete.
2018-01-06 15:53:04,918 - Velocimacro : allowInline = true : VMs can be defined inline in templates
2018-01-06 15:53:04,918 - Velocimacro : allowInlineToOverride = false : VMs defined inline may NOT replace previous VM definitions
2018-01-06 15:53:04,918 - Velocimacro : allowInlineLocal = false : VMs defined inline will be  global in scope if allowed.
2018-01-06 15:53:04,918 - Velocimacro : messages on  : VM system will output logging messages
2018-01-06 15:53:04,919 - Velocimacro : autoload off  : VM system will not automatically reload global library macros
2018-01-06 15:53:04,919 - Velocimacro : initialization complete.
2018-01-06 15:53:04,919 - Velocity successfully started.
